<?xml version="1.0" encoding="UTF-8"?>
<testng-results ignored="0" total="1" passed="1" failed="0" skipped="0">
  <reporter-output>
  </reporter-output>
  <suite started-at="2026-06-18T16:41:48 IST" name="Default suite" finished-at="2026-06-18T16:41:50 IST" duration-ms="2036">
    <groups>
    </groups>
    <test started-at="2026-06-18T16:41:48 IST" name="Default test" finished-at="2026-06-18T16:41:50 IST" duration-ms="2036">
      <class name="com.test.GetAPITest">
        <test-method signature="apiRun()[pri:0, instance:com.test.GetAPITest@7857fe2]" started-at="2026-06-18T16:41:48 IST" name="apiRun" finished-at="2026-06-18T16:41:50 IST" duration-ms="1937" status="PASS">
          <reporter-output>
          </reporter-output>
        </test-method> <!-- apiRun -->
      </class> <!-- com.test.GetAPITest -->
    </test> <!-- Default test -->
  </suite> <!-- Default suite -->
</testng-results>
