<?xml version="1.0" encoding="UTF-8"?>
<testng-results ignored="0" total="1" passed="1" failed="0" skipped="0">
  <reporter-output>
  </reporter-output>
  <suite started-at="2026-06-16T21:02:58 IST" name="Default suite" finished-at="2026-06-16T21:03:00 IST" duration-ms="1790">
    <groups>
    </groups>
    <test started-at="2026-06-16T21:02:58 IST" name="Default test" finished-at="2026-06-16T21:03:00 IST" duration-ms="1790">
      <class name="com.tests.OptionsMethod">
        <test-method signature="optionsmethod()[pri:0, instance:com.tests.OptionsMethod@4facf68f]" started-at="2026-06-16T21:02:58 IST" name="optionsmethod" finished-at="2026-06-16T21:03:00 IST" duration-ms="1726" status="PASS">
          <reporter-output>
          </reporter-output>
        </test-method> <!-- optionsmethod -->
      </class> <!-- com.tests.OptionsMethod -->
    </test> <!-- Default test -->
  </suite> <!-- Default suite -->
</testng-results>
